<?xml version="1.0" encoding="utf-8"?><testsuites name="pytest tests"><testsuite name="pytest" errors="0" failures="0" skipped="0" tests="30" time="12.371" timestamp="2026-09-12T17:05:57.199714+00:00" hostname="agent-env-6b98d269-3144-4ac5-aa81-d919aa61e79e"><testcase classname="tests.backend_test.TestAuth" name="test_login_case_insensitive" time="0.383" /><testcase classname="tests.backend_test.TestAuth" name="test_login_wrong_password" time="0.358" /><testcase classname="tests.backend_test.TestAuth" name="test_me" time="0.151" /><testcase classname="tests.backend_test.TestAuth" name="test_refresh" time="0.146" /><testcase classname="tests.backend_test.TestSubAdmins" name="test_list_contains_both" time="0.890" /><testcase classname="tests.backend_test.TestSubAdmins" name="test_sub_login_works" time="0.387" /><testcase classname="tests.backend_test.TestSubAdmins" name="test_lifetime_login" time="0.370" /><testcase classname="tests.backend_test.TestMembers" name="test_member_forbidden_endpoints" time="1.047" /><testcase classname="tests.backend_test.TestMembers" name="test_member_can_list_items" time="0.141" /><testcase classname="tests.backend_test.TestRevocation" name="test_cascade" time="2.207" /><testcase classname="tests.backend_test.TestRevocation" name="test_switch_access_type" time="0.301" /><testcase classname="tests.backend_test.TestRevocation" name="test_member_toggle_blocks_login" time="0.656" /><testcase classname="tests.backend_test.TestItems" name="test_initial_tx_created" time="0.665" /><testcase classname="tests.backend_test.TestItems" name="test_duplicate_sku" time="0.136" /><testcase classname="tests.backend_test.TestItems" name="test_search" time="0.153" /><testcase classname="tests.backend_test.TestItems" name="test_update" time="0.162" /><testcase classname="tests.backend_test.TestItems" name="test_team_isolation" time="0.281" /><testcase classname="tests.backend_test.TestTransactions" name="test_stock_in" time="0.250" /><testcase classname="tests.backend_test.TestTransactions" name="test_stock_out_over" time="0.150" /><testcase classname="tests.backend_test.TestTransactions" name="test_stock_out" time="0.304" /><testcase classname="tests.backend_test.TestTransactions" name="test_adjust_requires_memo" time="0.131" /><testcase classname="tests.backend_test.TestTransactions" name="test_adjust" time="0.284" /><testcase classname="tests.backend_test.TestTransactions" name="test_move" time="0.501" /><testcase classname="tests.backend_test.TestTransactions" name="test_list_and_filter" time="0.284" /><testcase classname="tests.backend_test.TestTransactions" name="test_get_tx_details" time="0.241" /><testcase classname="tests.backend_test.TestTransactions" name="test_dashboard" time="0.135" /><testcase classname="tests.backend_test.TestTransactions" name="test_low_stock" time="0.303" /><testcase classname="tests.backend_test.TestMainAdminCross" name="test_main_admin_acts_on_sub_team" time="0.520" /><testcase classname="tests.backend_test.TestMainAdminCross" name="test_delete_sub_cascades" time="0.617" /><testcase classname="tests.backend_test" name="test_zzz_cleanup" time="0.152" /></testsuite></testsuites>